{"/Users/igorihimbazwe/Desktop/e-commerce-ones-and-zeroes-bn/src/controllers/userControllers.ts": {"path":"/Users/igorihimbazwe/Desktop/e-commerce-ones-and-zeroes-bn/src/controllers/userControllers.ts","statementMap":{"0":{"start":{"line":3,"column":12},"end":{"line":3,"column":35}},"1":{"start":{"line":5,"column":15},"end":{"line":5,"column":40}},"2":{"start":{"line":8,"column":0},"end":{"line":8,"column":46}},"3":{"start":{"line":10,"column":19},"end":{"line":10,"column":41}},"4":{"start":{"line":13,"column":2},"end":{"line":13,"column":60}},"5":{"start":{"line":20,"column":20},"end":{"line":20,"column":73}},"6":{"start":{"line":21,"column":14},"end":{"line":26,"column":3}},"7":{"start":{"line":27,"column":2},"end":{"line":27,"column":25}},"8":{"start":{"line":34,"column":2},"end":{"line":66,"column":3}},"9":{"start":{"line":35,"column":22},"end":{"line":35,"column":30}},"10":{"start":{"line":37,"column":4},"end":{"line":40,"column":5}},"11":{"start":{"line":38,"column":6},"end":{"line":38,"column":59}},"12":{"start":{"line":39,"column":6},"end":{"line":39,"column":13}},"13":{"start":{"line":42,"column":17},"end":{"line":42,"column":67}},"14":{"start":{"line":43,"column":4},"end":{"line":46,"column":5}},"15":{"start":{"line":44,"column":6},"end":{"line":44,"column":56}},"16":{"start":{"line":45,"column":6},"end":{"line":45,"column":13}},"17":{"start":{"line":48,"column":25},"end":{"line":50,"column":5}},"18":{"start":{"line":52,"column":18},"end":{"line":52,"column":45}},"19":{"start":{"line":55,"column":4},"end":{"line":55,"column":36}},"20":{"start":{"line":56,"column":4},"end":{"line":56,"column":63}},"21":{"start":{"line":58,"column":4},"end":{"line":58,"column":22}},"22":{"start":{"line":60,"column":4},"end":{"line":60,"column":47}},"23":{"start":{"line":62,"column":4},"end":{"line":62,"column":80}},"24":{"start":{"line":64,"column":4},"end":{"line":64,"column":82}},"25":{"start":{"line":65,"column":4},"end":{"line":65,"column":61}},"26":{"start":{"line":72,"column":2},"end":{"line":108,"column":3}},"27":{"start":{"line":73,"column":35},"end":{"line":73,"column":43}},"28":{"start":{"line":75,"column":4},"end":{"line":78,"column":5}},"29":{"start":{"line":76,"column":6},"end":{"line":76,"column":66}},"30":{"start":{"line":77,"column":6},"end":{"line":77,"column":13}},"31":{"start":{"line":81,"column":27},"end":{"line":81,"column":61}},"32":{"start":{"line":84,"column":25},"end":{"line":84,"column":75}},"33":{"start":{"line":87,"column":17},"end":{"line":92,"column":6}},"34":{"start":{"line":94,"column":4},"end":{"line":97,"column":5}},"35":{"start":{"line":95,"column":6},"end":{"line":95,"column":73}},"36":{"start":{"line":96,"column":6},"end":{"line":96,"column":13}},"37":{"start":{"line":98,"column":4},"end":{"line":98,"column":35}},"38":{"start":{"line":99,"column":4},"end":{"line":99,"column":40}},"39":{"start":{"line":100,"column":4},"end":{"line":100,"column":42}},"40":{"start":{"line":102,"column":4},"end":{"line":102,"column":22}},"41":{"start":{"line":104,"column":4},"end":{"line":104,"column":69}},"42":{"start":{"line":106,"column":4},"end":{"line":106,"column":69}},"43":{"start":{"line":107,"column":4},"end":{"line":107,"column":61}}},"fnMap":{"0":{"name":"generateToken","decl":{"start":{"line":12,"column":9},"end":{"line":12,"column":22}},"loc":{"start":{"line":12,"column":45},"end":{"line":14,"column":1}},"line":12},"1":{"name":"sendPasswordResetEmail","decl":{"start":{"line":16,"column":22},"end":{"line":16,"column":44}},"loc":{"start":{"line":19,"column":17},"end":{"line":28,"column":1}},"line":19},"2":{"name":"handlePasswordResetRequest","decl":{"start":{"line":30,"column":22},"end":{"line":30,"column":48}},"loc":{"start":{"line":33,"column":17},"end":{"line":67,"column":1}},"line":33},"3":{"name":"resetPassword","decl":{"start":{"line":68,"column":22},"end":{"line":68,"column":35}},"loc":{"start":{"line":71,"column":17},"end":{"line":109,"column":1}},"line":71}},"branchMap":{"0":{"loc":{"start":{"line":37,"column":4},"end":{"line":40,"column":5}},"type":"if","locations":[{"start":{"line":37,"column":4},"end":{"line":40,"column":5}},{"start":{},"end":{}}],"line":37},"1":{"loc":{"start":{"line":43,"column":4},"end":{"line":46,"column":5}},"type":"if","locations":[{"start":{"line":43,"column":4},"end":{"line":46,"column":5}},{"start":{},"end":{}}],"line":43},"2":{"loc":{"start":{"line":75,"column":4},"end":{"line":78,"column":5}},"type":"if","locations":[{"start":{"line":75,"column":4},"end":{"line":78,"column":5}},{"start":{},"end":{}}],"line":75},"3":{"loc":{"start":{"line":94,"column":4},"end":{"line":97,"column":5}},"type":"if","locations":[{"start":{"line":94,"column":4},"end":{"line":97,"column":5}},{"start":{},"end":{}}],"line":94}},"s":{"0":1,"1":1,"2":1,"3":1,"4":1,"5":1,"6":1,"7":1,"8":3,"9":3,"10":3,"11":1,"12":1,"13":2,"14":2,"15":1,"16":1,"17":1,"18":1,"19":1,"20":1,"21":1,"22":1,"23":1,"24":0,"25":0,"26":2,"27":2,"28":2,"29":1,"30":1,"31":1,"32":1,"33":1,"34":1,"35":0,"36":0,"37":1,"38":1,"39":1,"40":1,"41":1,"42":0,"43":0},"f":{"0":1,"1":1,"2":3,"3":2},"b":{"0":[1,2],"1":[1,1],"2":[1,1],"3":[0,1]},"_coverageSchema":"1a1c01bbd47fc00a2c39e90264f33305004495a9","hash":"87b652c7feb5ba40c4b1e71ad3bc44736a53c965"}
,"/Users/igorihimbazwe/Desktop/e-commerce-ones-and-zeroes-bn/src/database/config/config.ts": {"path":"/Users/igorihimbazwe/Desktop/e-commerce-ones-and-zeroes-bn/src/database/config/config.ts","statementMap":{"0":{"start":{"line":2,"column":0},"end":{"line":2,"column":15}},"1":{"start":{"line":4,"column":0},"end":{"line":20,"column":1}}},"fnMap":{},"branchMap":{},"s":{"0":1,"1":1},"f":{},"b":{},"_coverageSchema":"1a1c01bbd47fc00a2c39e90264f33305004495a9","hash":"0c43483db72c42f36a3038e140201bbda93b9f5e"}
,"/Users/igorihimbazwe/Desktop/e-commerce-ones-and-zeroes-bn/src/database/models/index.ts": {"path":"/Users/igorihimbazwe/Desktop/e-commerce-ones-and-zeroes-bn/src/database/models/index.ts","statementMap":{"0":{"start":{"line":3,"column":11},"end":{"line":3,"column":24}},"1":{"start":{"line":4,"column":13},"end":{"line":4,"column":28}},"2":{"start":{"line":5,"column":18},"end":{"line":5,"column":38}},"3":{"start":{"line":6,"column":16},"end":{"line":6,"column":34}},"4":{"start":{"line":7,"column":17},"end":{"line":7,"column":42}},"5":{"start":{"line":8,"column":12},"end":{"line":8,"column":49}},"6":{"start":{"line":9,"column":21},"end":{"line":9,"column":75}},"7":{"start":{"line":10,"column":15},"end":{"line":10,"column":75}},"8":{"start":{"line":11,"column":17},"end":{"line":11,"column":19}},"9":{"start":{"line":14,"column":0},"end":{"line":23,"column":1}},"10":{"start":{"line":16,"column":2},"end":{"line":16,"column":74}},"11":{"start":{"line":17,"column":7},"end":{"line":23,"column":1}},"12":{"start":{"line":19,"column":2},"end":{"line":19,"column":47}},"13":{"start":{"line":22,"column":2},"end":{"line":22,"column":87}},"14":{"start":{"line":25,"column":0},"end":{"line":39,"column":5}},"15":{"start":{"line":28,"column":4},"end":{"line":33,"column":6}},"16":{"start":{"line":36,"column":18},"end":{"line":36,"column":85}},"17":{"start":{"line":38,"column":4},"end":{"line":38,"column":27}},"18":{"start":{"line":41,"column":0},"end":{"line":47,"column":3}},"19":{"start":{"line":43,"column":2},"end":{"line":46,"column":3}},"20":{"start":{"line":45,"column":4},"end":{"line":45,"column":32}},"21":{"start":{"line":49,"column":0},"end":{"line":49,"column":25}},"22":{"start":{"line":50,"column":0},"end":{"line":50,"column":25}}},"fnMap":{"0":{"name":"(anonymous_0)","decl":{"start":{"line":27,"column":10},"end":{"line":27,"column":11}},"loc":{"start":{"line":27,"column":28},"end":{"line":34,"column":3}},"line":27},"1":{"name":"(anonymous_1)","decl":{"start":{"line":35,"column":11},"end":{"line":35,"column":12}},"loc":{"start":{"line":35,"column":26},"end":{"line":39,"column":3}},"line":35},"2":{"name":"(anonymous_2)","decl":{"start":{"line":41,"column":24},"end":{"line":41,"column":25}},"loc":{"start":{"line":41,"column":37},"end":{"line":47,"column":1}},"line":41}},"branchMap":{"0":{"loc":{"start":{"line":8,"column":12},"end":{"line":8,"column":49}},"type":"binary-expr","locations":[{"start":{"line":8,"column":12},"end":{"line":8,"column":32}},{"start":{"line":8,"column":36},"end":{"line":8,"column":49}}],"line":8},"1":{"loc":{"start":{"line":9,"column":21},"end":{"line":9,"column":75}},"type":"cond-expr","locations":[{"start":{"line":9,"column":62},"end":{"line":9,"column":67}},{"start":{"line":9,"column":70},"end":{"line":9,"column":75}}],"line":9},"2":{"loc":{"start":{"line":14,"column":0},"end":{"line":23,"column":1}},"type":"if","locations":[{"start":{"line":14,"column":0},"end":{"line":23,"column":1}},{"start":{"line":17,"column":7},"end":{"line":23,"column":1}}],"line":14},"3":{"loc":{"start":{"line":17,"column":7},"end":{"line":23,"column":1}},"type":"if","locations":[{"start":{"line":17,"column":7},"end":{"line":23,"column":1}},{"start":{"line":20,"column":7},"end":{"line":23,"column":1}}],"line":17},"4":{"loc":{"start":{"line":29,"column":6},"end":{"line":32,"column":37}},"type":"binary-expr","locations":[{"start":{"line":29,"column":6},"end":{"line":29,"column":29}},{"start":{"line":30,"column":6},"end":{"line":30,"column":23}},{"start":{"line":31,"column":6},"end":{"line":31,"column":30}},{"start":{"line":32,"column":6},"end":{"line":32,"column":37}}],"line":29},"5":{"loc":{"start":{"line":43,"column":2},"end":{"line":46,"column":3}},"type":"if","locations":[{"start":{"line":43,"column":2},"end":{"line":46,"column":3}},{"start":{},"end":{}}],"line":43}},"s":{"0":1,"1":1,"2":1,"3":1,"4":1,"5":1,"6":1,"7":1,"8":1,"9":1,"10":0,"11":1,"12":0,"13":1,"14":1,"15":2,"16":1,"17":1,"18":1,"19":1,"20":1,"21":1,"22":1},"f":{"0":2,"1":1,"2":1},"b":{"0":[1,0],"1":[0,1],"2":[0,1],"3":[0,1],"4":[2,2,1,1],"5":[1,0]},"_coverageSchema":"1a1c01bbd47fc00a2c39e90264f33305004495a9","hash":"fe36cd0dbff211a29cf48b222cc9bbf848913dad"}
,"/Users/igorihimbazwe/Desktop/e-commerce-ones-and-zeroes-bn/src/database/models/user.ts": {"path":"/Users/igorihimbazwe/Desktop/e-commerce-ones-and-zeroes-bn/src/database/models/user.ts","statementMap":{"0":{"start":{"line":4,"column":4},"end":{"line":4,"column":24}},"1":{"start":{"line":5,"column":1},"end":{"line":62,"column":2}},"2":{"start":{"line":12,"column":2},"end":{"line":60,"column":5}},"3":{"start":{"line":61,"column":2},"end":{"line":61,"column":14}}},"fnMap":{"0":{"name":"(anonymous_0)","decl":{"start":{"line":5,"column":18},"end":{"line":5,"column":19}},"loc":{"start":{"line":5,"column":114},"end":{"line":62,"column":1}},"line":5},"1":{"name":"(anonymous_1)","decl":{"start":{"line":7,"column":4},"end":{"line":7,"column":5}},"loc":{"start":{"line":7,"column":34},"end":{"line":10,"column":5}},"line":7}},"branchMap":{},"s":{"0":1,"1":1,"2":1,"3":1},"f":{"0":1,"1":1},"b":{},"_coverageSchema":"1a1c01bbd47fc00a2c39e90264f33305004495a9","hash":"7b10c15d0245ed107507b1a7471ca416507ad592"}
,"/Users/igorihimbazwe/Desktop/e-commerce-ones-and-zeroes-bn/src/validations/validations.ts": {"path":"/Users/igorihimbazwe/Desktop/e-commerce-ones-and-zeroes-bn/src/validations/validations.ts","statementMap":{"0":{"start":{"line":3,"column":22},"end":{"line":6,"column":1}},"1":{"start":{"line":4,"column":21},"end":{"line":4,"column":67}},"2":{"start":{"line":5,"column":2},"end":{"line":5,"column":32}},"3":{"start":{"line":9,"column":25},"end":{"line":12,"column":1}},"4":{"start":{"line":10,"column":24},"end":{"line":10,"column":94}},"5":{"start":{"line":11,"column":2},"end":{"line":11,"column":38}}},"fnMap":{"0":{"name":"(anonymous_0)","decl":{"start":{"line":3,"column":22},"end":{"line":3,"column":23}},"loc":{"start":{"line":3,"column":50},"end":{"line":6,"column":1}},"line":3},"1":{"name":"(anonymous_1)","decl":{"start":{"line":9,"column":25},"end":{"line":9,"column":26}},"loc":{"start":{"line":9,"column":56},"end":{"line":12,"column":1}},"line":9}},"branchMap":{},"s":{"0":1,"1":11,"2":11,"3":1,"4":5,"5":5},"f":{"0":11,"1":5},"b":{},"_coverageSchema":"1a1c01bbd47fc00a2c39e90264f33305004495a9","hash":"7c6ddbdba1fc4668ee701792cb57b21b6ab6c612"}
}
