{"/Users/igorihimbazwe/Desktop/ANDELA/e-commerce-ones-and-zeroes-bn/src/controllers/userControllers.ts": {"path":"/Users/igorihimbazwe/Desktop/ANDELA/e-commerce-ones-and-zeroes-bn/src/controllers/userControllers.ts","statementMap":{"0":{"start":{"line":12,"column":0},"end":{"line":12,"column":90}},"1":{"start":{"line":16,"column":2},"end":{"line":16,"column":48}},"2":{"start":{"line":23,"column":20},"end":{"line":23,"column":73}},"3":{"start":{"line":24,"column":14},"end":{"line":29,"column":3}},"4":{"start":{"line":30,"column":2},"end":{"line":30,"column":25}},"5":{"start":{"line":37,"column":2},"end":{"line":66,"column":3}},"6":{"start":{"line":38,"column":22},"end":{"line":38,"column":30}},"7":{"start":{"line":40,"column":4},"end":{"line":43,"column":5}},"8":{"start":{"line":41,"column":6},"end":{"line":41,"column":59}},"9":{"start":{"line":42,"column":6},"end":{"line":42,"column":13}},"10":{"start":{"line":45,"column":17},"end":{"line":45,"column":67}},"11":{"start":{"line":46,"column":4},"end":{"line":49,"column":5}},"12":{"start":{"line":47,"column":6},"end":{"line":47,"column":56}},"13":{"start":{"line":48,"column":6},"end":{"line":48,"column":13}},"14":{"start":{"line":51,"column":18},"end":{"line":51,"column":33}},"15":{"start":{"line":52,"column":4},"end":{"line":52,"column":36}},"16":{"start":{"line":53,"column":4},"end":{"line":53,"column":63}},"17":{"start":{"line":55,"column":4},"end":{"line":55,"column":22}},"18":{"start":{"line":57,"column":4},"end":{"line":57,"column":47}},"19":{"start":{"line":59,"column":4},"end":{"line":59,"column":80}},"20":{"start":{"line":61,"column":4},"end":{"line":64,"column":6}},"21":{"start":{"line":65,"column":4},"end":{"line":65,"column":61}},"22":{"start":{"line":74,"column":2},"end":{"line":111,"column":3}},"23":{"start":{"line":75,"column":35},"end":{"line":75,"column":43}},"24":{"start":{"line":77,"column":4},"end":{"line":80,"column":5}},"25":{"start":{"line":78,"column":6},"end":{"line":78,"column":66}},"26":{"start":{"line":79,"column":6},"end":{"line":79,"column":13}},"27":{"start":{"line":83,"column":27},"end":{"line":83,"column":61}},"28":{"start":{"line":86,"column":17},"end":{"line":93,"column":6}},"29":{"start":{"line":95,"column":4},"end":{"line":98,"column":5}},"30":{"start":{"line":96,"column":6},"end":{"line":96,"column":66}},"31":{"start":{"line":97,"column":6},"end":{"line":97,"column":13}},"32":{"start":{"line":101,"column":4},"end":{"line":101,"column":35}},"33":{"start":{"line":102,"column":4},"end":{"line":102,"column":40}},"34":{"start":{"line":103,"column":4},"end":{"line":103,"column":42}},"35":{"start":{"line":105,"column":4},"end":{"line":105,"column":22}},"36":{"start":{"line":107,"column":4},"end":{"line":107,"column":69}},"37":{"start":{"line":109,"column":4},"end":{"line":109,"column":69}},"38":{"start":{"line":110,"column":4},"end":{"line":110,"column":61}},"39":{"start":{"line":119,"column":8},"end":{"line":159,"column":9}},"40":{"start":{"line":120,"column":61},"end":{"line":120,"column":69}},"41":{"start":{"line":123,"column":33},"end":{"line":123,"column":83}},"42":{"start":{"line":124,"column":12},"end":{"line":126,"column":13}},"43":{"start":{"line":125,"column":16},"end":{"line":125,"column":81}},"44":{"start":{"line":129,"column":31},"end":{"line":129,"column":51}},"45":{"start":{"line":130,"column":34},"end":{"line":130,"column":60}},"46":{"start":{"line":132,"column":12},"end":{"line":134,"column":13}},"47":{"start":{"line":133,"column":16},"end":{"line":133,"column":74}},"48":{"start":{"line":136,"column":12},"end":{"line":138,"column":13}},"49":{"start":{"line":137,"column":16},"end":{"line":137,"column":86}},"50":{"start":{"line":141,"column":35},"end":{"line":141,"column":66}},"51":{"start":{"line":144,"column":28},"end":{"line":149,"column":14}},"52":{"start":{"line":153,"column":62},"end":{"line":153,"column":80}},"53":{"start":{"line":154,"column":12},"end":{"line":154,"column":88}},"54":{"start":{"line":157,"column":12},"end":{"line":157,"column":31}},"55":{"start":{"line":158,"column":12},"end":{"line":158,"column":80}},"56":{"start":{"line":163,"column":8},"end":{"line":169,"column":9}},"57":{"start":{"line":164,"column":26},"end":{"line":164,"column":49}},"58":{"start":{"line":165,"column":12},"end":{"line":165,"column":47}},"59":{"start":{"line":167,"column":12},"end":{"line":167,"column":33}},"60":{"start":{"line":168,"column":12},"end":{"line":168,"column":78}}},"fnMap":{"0":{"name":"generateToken","decl":{"start":{"line":15,"column":9},"end":{"line":15,"column":22}},"loc":{"start":{"line":15,"column":33},"end":{"line":17,"column":1}},"line":15},"1":{"name":"sendPasswordResetEmail","decl":{"start":{"line":19,"column":22},"end":{"line":19,"column":44}},"loc":{"start":{"line":22,"column":17},"end":{"line":31,"column":1}},"line":22},"2":{"name":"handlePasswordResetRequest","decl":{"start":{"line":33,"column":22},"end":{"line":33,"column":48}},"loc":{"start":{"line":36,"column":17},"end":{"line":67,"column":1}},"line":36},"3":{"name":"resetPassword","decl":{"start":{"line":70,"column":22},"end":{"line":70,"column":35}},"loc":{"start":{"line":73,"column":17},"end":{"line":112,"column":1}},"line":73},"4":{"name":"(anonymous_4)","decl":{"start":{"line":118,"column":4},"end":{"line":118,"column":5}},"loc":{"start":{"line":118,"column":59},"end":{"line":160,"column":5}},"line":118},"5":{"name":"(anonymous_5)","decl":{"start":{"line":162,"column":4},"end":{"line":162,"column":5}},"loc":{"start":{"line":162,"column":55},"end":{"line":170,"column":5}},"line":162}},"branchMap":{"0":{"loc":{"start":{"line":40,"column":4},"end":{"line":43,"column":5}},"type":"if","locations":[{"start":{"line":40,"column":4},"end":{"line":43,"column":5}},{"start":{},"end":{}}],"line":40},"1":{"loc":{"start":{"line":46,"column":4},"end":{"line":49,"column":5}},"type":"if","locations":[{"start":{"line":46,"column":4},"end":{"line":49,"column":5}},{"start":{},"end":{}}],"line":46},"2":{"loc":{"start":{"line":77,"column":4},"end":{"line":80,"column":5}},"type":"if","locations":[{"start":{"line":77,"column":4},"end":{"line":80,"column":5}},{"start":{},"end":{}}],"line":77},"3":{"loc":{"start":{"line":95,"column":4},"end":{"line":98,"column":5}},"type":"if","locations":[{"start":{"line":95,"column":4},"end":{"line":98,"column":5}},{"start":{},"end":{}}],"line":95},"4":{"loc":{"start":{"line":124,"column":12},"end":{"line":126,"column":13}},"type":"if","locations":[{"start":{"line":124,"column":12},"end":{"line":126,"column":13}},{"start":{},"end":{}}],"line":124},"5":{"loc":{"start":{"line":132,"column":12},"end":{"line":134,"column":13}},"type":"if","locations":[{"start":{"line":132,"column":12},"end":{"line":134,"column":13}},{"start":{},"end":{}}],"line":132},"6":{"loc":{"start":{"line":136,"column":12},"end":{"line":138,"column":13}},"type":"if","locations":[{"start":{"line":136,"column":12},"end":{"line":138,"column":13}},{"start":{},"end":{}}],"line":136}},"s":{"0":1,"1":1,"2":1,"3":1,"4":1,"5":3,"6":3,"7":3,"8":1,"9":1,"10":2,"11":2,"12":1,"13":1,"14":1,"15":1,"16":1,"17":1,"18":1,"19":1,"20":0,"21":0,"22":3,"23":3,"24":3,"25":1,"26":1,"27":2,"28":2,"29":2,"30":1,"31":1,"32":1,"33":1,"34":1,"35":1,"36":1,"37":0,"38":0,"39":0,"40":0,"41":0,"42":0,"43":0,"44":0,"45":0,"46":0,"47":0,"48":0,"49":0,"50":0,"51":0,"52":0,"53":0,"54":0,"55":0,"56":0,"57":0,"58":0,"59":0,"60":0},"f":{"0":1,"1":1,"2":3,"3":3,"4":0,"5":0},"b":{"0":[1,2],"1":[1,1],"2":[1,2],"3":[1,1],"4":[0,0],"5":[0,0],"6":[0,0]},"_coverageSchema":"1a1c01bbd47fc00a2c39e90264f33305004495a9","hash":"83e9832e44725852e0673f23bb58f79ccbaf7590"}
,"/Users/igorihimbazwe/Desktop/ANDELA/e-commerce-ones-and-zeroes-bn/src/database/config/config.ts": {"path":"/Users/igorihimbazwe/Desktop/ANDELA/e-commerce-ones-and-zeroes-bn/src/database/config/config.ts","statementMap":{"0":{"start":{"line":2,"column":0},"end":{"line":2,"column":15}},"1":{"start":{"line":4,"column":0},"end":{"line":20,"column":1}}},"fnMap":{},"branchMap":{},"s":{"0":1,"1":1},"f":{},"b":{},"_coverageSchema":"1a1c01bbd47fc00a2c39e90264f33305004495a9","hash":"3818409898ff03d4f79e63ee9a5dcc6ab6c8c16c"}
,"/Users/igorihimbazwe/Desktop/ANDELA/e-commerce-ones-and-zeroes-bn/src/database/models/index.ts": {"path":"/Users/igorihimbazwe/Desktop/ANDELA/e-commerce-ones-and-zeroes-bn/src/database/models/index.ts","statementMap":{"0":{"start":{"line":3,"column":11},"end":{"line":3,"column":24}},"1":{"start":{"line":4,"column":13},"end":{"line":4,"column":28}},"2":{"start":{"line":5,"column":18},"end":{"line":5,"column":38}},"3":{"start":{"line":6,"column":16},"end":{"line":6,"column":34}},"4":{"start":{"line":7,"column":17},"end":{"line":7,"column":42}},"5":{"start":{"line":8,"column":12},"end":{"line":8,"column":49}},"6":{"start":{"line":9,"column":21},"end":{"line":9,"column":75}},"7":{"start":{"line":10,"column":15},"end":{"line":10,"column":75}},"8":{"start":{"line":11,"column":17},"end":{"line":11,"column":19}},"9":{"start":{"line":14,"column":0},"end":{"line":23,"column":1}},"10":{"start":{"line":16,"column":2},"end":{"line":16,"column":74}},"11":{"start":{"line":17,"column":7},"end":{"line":23,"column":1}},"12":{"start":{"line":19,"column":2},"end":{"line":19,"column":47}},"13":{"start":{"line":22,"column":2},"end":{"line":22,"column":87}},"14":{"start":{"line":25,"column":0},"end":{"line":39,"column":5}},"15":{"start":{"line":28,"column":4},"end":{"line":33,"column":6}},"16":{"start":{"line":36,"column":18},"end":{"line":36,"column":85}},"17":{"start":{"line":38,"column":4},"end":{"line":38,"column":27}},"18":{"start":{"line":41,"column":0},"end":{"line":47,"column":3}},"19":{"start":{"line":43,"column":2},"end":{"line":46,"column":3}},"20":{"start":{"line":45,"column":4},"end":{"line":45,"column":32}},"21":{"start":{"line":49,"column":0},"end":{"line":49,"column":25}},"22":{"start":{"line":50,"column":0},"end":{"line":50,"column":25}}},"fnMap":{"0":{"name":"(anonymous_0)","decl":{"start":{"line":27,"column":10},"end":{"line":27,"column":11}},"loc":{"start":{"line":27,"column":28},"end":{"line":34,"column":3}},"line":27},"1":{"name":"(anonymous_1)","decl":{"start":{"line":35,"column":11},"end":{"line":35,"column":12}},"loc":{"start":{"line":35,"column":26},"end":{"line":39,"column":3}},"line":35},"2":{"name":"(anonymous_2)","decl":{"start":{"line":41,"column":24},"end":{"line":41,"column":25}},"loc":{"start":{"line":41,"column":37},"end":{"line":47,"column":1}},"line":41}},"branchMap":{"0":{"loc":{"start":{"line":8,"column":12},"end":{"line":8,"column":49}},"type":"binary-expr","locations":[{"start":{"line":8,"column":12},"end":{"line":8,"column":32}},{"start":{"line":8,"column":36},"end":{"line":8,"column":49}}],"line":8},"1":{"loc":{"start":{"line":9,"column":21},"end":{"line":9,"column":75}},"type":"cond-expr","locations":[{"start":{"line":9,"column":62},"end":{"line":9,"column":67}},{"start":{"line":9,"column":70},"end":{"line":9,"column":75}}],"line":9},"2":{"loc":{"start":{"line":14,"column":0},"end":{"line":23,"column":1}},"type":"if","locations":[{"start":{"line":14,"column":0},"end":{"line":23,"column":1}},{"start":{"line":17,"column":7},"end":{"line":23,"column":1}}],"line":14},"3":{"loc":{"start":{"line":17,"column":7},"end":{"line":23,"column":1}},"type":"if","locations":[{"start":{"line":17,"column":7},"end":{"line":23,"column":1}},{"start":{"line":20,"column":7},"end":{"line":23,"column":1}}],"line":17},"4":{"loc":{"start":{"line":29,"column":6},"end":{"line":32,"column":37}},"type":"binary-expr","locations":[{"start":{"line":29,"column":6},"end":{"line":29,"column":29}},{"start":{"line":30,"column":6},"end":{"line":30,"column":23}},{"start":{"line":31,"column":6},"end":{"line":31,"column":30}},{"start":{"line":32,"column":6},"end":{"line":32,"column":37}}],"line":29},"5":{"loc":{"start":{"line":43,"column":2},"end":{"line":46,"column":3}},"type":"if","locations":[{"start":{"line":43,"column":2},"end":{"line":46,"column":3}},{"start":{},"end":{}}],"line":43}},"s":{"0":1,"1":1,"2":1,"3":1,"4":1,"5":1,"6":1,"7":1,"8":1,"9":1,"10":0,"11":1,"12":0,"13":1,"14":1,"15":2,"16":1,"17":1,"18":1,"19":1,"20":1,"21":1,"22":1},"f":{"0":2,"1":1,"2":1},"b":{"0":[1,0],"1":[0,1],"2":[0,1],"3":[0,1],"4":[2,2,1,1],"5":[1,0]},"_coverageSchema":"1a1c01bbd47fc00a2c39e90264f33305004495a9","hash":"448746f6b827266cacafd6602dc804ca66d298b4"}
,"/Users/igorihimbazwe/Desktop/ANDELA/e-commerce-ones-and-zeroes-bn/src/database/models/user.ts": {"path":"/Users/igorihimbazwe/Desktop/ANDELA/e-commerce-ones-and-zeroes-bn/src/database/models/user.ts","statementMap":{"0":{"start":{"line":4,"column":4},"end":{"line":4,"column":24}},"1":{"start":{"line":5,"column":1},"end":{"line":62,"column":2}},"2":{"start":{"line":12,"column":2},"end":{"line":60,"column":5}},"3":{"start":{"line":61,"column":2},"end":{"line":61,"column":14}}},"fnMap":{"0":{"name":"(anonymous_0)","decl":{"start":{"line":5,"column":18},"end":{"line":5,"column":19}},"loc":{"start":{"line":5,"column":114},"end":{"line":62,"column":1}},"line":5},"1":{"name":"(anonymous_1)","decl":{"start":{"line":7,"column":4},"end":{"line":7,"column":5}},"loc":{"start":{"line":7,"column":34},"end":{"line":10,"column":5}},"line":7}},"branchMap":{},"s":{"0":1,"1":1,"2":1,"3":1},"f":{"0":1,"1":1},"b":{},"_coverageSchema":"1a1c01bbd47fc00a2c39e90264f33305004495a9","hash":"d9b8f6dc398cedb7a90896e2416f12da3a62905b"}
,"/Users/igorihimbazwe/Desktop/ANDELA/e-commerce-ones-and-zeroes-bn/src/validations/validations.ts": {"path":"/Users/igorihimbazwe/Desktop/ANDELA/e-commerce-ones-and-zeroes-bn/src/validations/validations.ts","statementMap":{"0":{"start":{"line":3,"column":22},"end":{"line":6,"column":1}},"1":{"start":{"line":4,"column":21},"end":{"line":4,"column":67}},"2":{"start":{"line":5,"column":2},"end":{"line":5,"column":32}},"3":{"start":{"line":9,"column":25},"end":{"line":12,"column":1}},"4":{"start":{"line":10,"column":24},"end":{"line":10,"column":94}},"5":{"start":{"line":11,"column":2},"end":{"line":11,"column":38}}},"fnMap":{"0":{"name":"(anonymous_0)","decl":{"start":{"line":3,"column":22},"end":{"line":3,"column":23}},"loc":{"start":{"line":3,"column":50},"end":{"line":6,"column":1}},"line":3},"1":{"name":"(anonymous_1)","decl":{"start":{"line":9,"column":25},"end":{"line":9,"column":26}},"loc":{"start":{"line":9,"column":56},"end":{"line":12,"column":1}},"line":9}},"branchMap":{},"s":{"0":1,"1":11,"2":11,"3":1,"4":5,"5":5},"f":{"0":11,"1":5},"b":{},"_coverageSchema":"1a1c01bbd47fc00a2c39e90264f33305004495a9","hash":"3e79c7d386261fec89503985b631b0ff8f3ecf84"}
}
