TN:
SF:src\controllers\userControllers.ts
FN:9,(anonymous_8)
FN:56,(anonymous_10)
FN:66,(anonymous_12)
FN:86,(anonymous_14)
FNF:4
FNH:4
FNDA:1,(anonymous_8)
FNDA:1,(anonymous_10)
FNDA:1,(anonymous_12)
FNDA:1,(anonymous_14)
DA:2,1
DA:4,1
DA:5,1
DA:8,1
DA:10,1
DA:11,1
DA:22,1
DA:23,1
DA:24,0
DA:28,1
DA:31,1
DA:39,1
DA:42,1
DA:43,1
DA:44,1
DA:47,1
DA:51,0
DA:52,0
DA:57,1
DA:58,1
DA:59,1
DA:61,0
DA:62,0
DA:67,1
DA:68,1
DA:73,1
DA:74,1
DA:80,0
DA:87,1
DA:88,1
DA:101,1
DA:102,1
DA:103,1
DA:105,1
DA:106,1
DA:108,1
DA:109,1
DA:111,1
DA:112,1
DA:114,1
DA:115,1
DA:117,1
DA:118,1
DA:120,1
DA:121,1
DA:123,1
DA:125,1
DA:126,0
DA:131,1
LF:49
LH:42
BRDA:23,0,0,0
BRDA:73,1,0,1
BRDA:102,2,0,1
BRDA:105,3,0,1
BRDA:108,4,0,1
BRDA:111,5,0,1
BRDA:114,6,0,1
BRDA:117,7,0,1
BRDA:120,8,0,1
BRF:9
BRH:8
end_of_record
TN:
SF:src\middleware\sendEmail.ts
FN:4,(anonymous_7)
FN:4,(anonymous_8)
FN:25,(anonymous_9)
FNF:3
FNH:2
FNDA:1,(anonymous_7)
FNDA:1,(anonymous_8)
FNDA:0,(anonymous_9)
DA:2,1
DA:4,1
DA:5,1
DA:6,1
DA:18,1
DA:25,1
DA:26,0
DA:27,0
DA:28,0
DA:30,0
DA:31,0
DA:35,0
DA:36,0
LF:13
LH:6
BRDA:26,0,0,0
BRDA:26,0,1,0
BRF:2
BRH:0
end_of_record
