TN:
SF:src\controllers\loginController.ts
FN:13,(anonymous_8)
FN:80,(anonymous_10)
FNF:2
FNH:2
FNDA:7,(anonymous_8)
FNDA:4,(anonymous_10)
DA:2,1
DA:3,1
DA:4,1
DA:5,1
DA:6,1
DA:7,1
DA:8,1
DA:10,1
DA:12,1
DA:14,7
DA:15,7
DA:16,7
DA:17,1
DA:20,6
DA:21,5
DA:22,1
DA:25,4
DA:26,4
DA:27,1
DA:30,3
DA:32,1
DA:34,1
DA:37,1
DA:48,1
DA:51,1
DA:53,1
DA:54,1
DA:55,1
DA:65,1
DA:68,0
DA:72,2
DA:73,2
DA:76,1
DA:81,4
DA:82,4
DA:83,4
DA:86,4
DA:87,3
DA:89,3
DA:90,1
DA:94,2
DA:95,2
DA:96,2
DA:102,2
DA:104,1
DA:105,1
DA:107,1
DA:110,1
LF:48
LH:47
BRDA:16,0,0,1
BRDA:16,1,0,7
BRDA:16,1,1,6
BRDA:21,2,0,1
BRDA:26,3,0,1
BRDA:30,4,0,1
BRDA:30,4,1,2
BRDA:30,5,0,3
BRDA:30,5,1,1
BRDA:51,6,0,1
BRDA:51,6,1,0
BRDA:89,7,0,1
BRDA:102,8,0,1
BRDA:102,8,1,1
BRF:14
BRH:13
end_of_record
TN:
SF:src\database\config\config.ts
FNF:0
FNH:0
DA:1,1
DA:2,1
DA:4,1
LF:3
LH:3
BRF:0
BRH:0
end_of_record
TN:
SF:src\database\models\index.ts
FN:32,(anonymous_0)
FN:40,(anonymous_1)
FN:49,(anonymous_2)
FNF:3
FNH:3
FNDA:2,(anonymous_0)
FNDA:1,(anonymous_1)
FNDA:1,(anonymous_2)
DA:2,1
DA:4,1
DA:5,1
DA:6,1
DA:7,1
DA:8,1
DA:9,1
DA:10,1
DA:11,1
DA:12,1
DA:15,1
DA:17,0
DA:18,1
DA:20,0
DA:23,1
DA:31,1
DA:33,2
DA:41,1
DA:46,1
DA:49,1
DA:51,1
DA:53,1
DA:57,1
DA:58,1
DA:59,1
LF:25
LH:23
BRDA:9,0,0,1
BRDA:9,0,1,0
BRDA:10,1,0,1
BRDA:10,1,1,0
BRDA:10,2,0,1
BRDA:10,2,1,1
BRDA:15,3,0,0
BRDA:15,3,1,1
BRDA:18,4,0,0
BRDA:18,4,1,1
BRDA:34,5,0,2
BRDA:34,5,1,2
BRDA:34,5,2,1
BRDA:34,5,3,1
BRDA:51,6,0,1
BRF:15
BRH:11
end_of_record
TN:
SF:src\database\models\user.ts
FN:5,(anonymous_0)
FN:7,(anonymous_1)
FNF:2
FNH:2
FNDA:1,(anonymous_0)
FNDA:1,(anonymous_1)
DA:4,1
DA:5,1
DA:11,1
DA:74,1
LF:4
LH:4
BRF:0
BRH:0
end_of_record
TN:
SF:src\helps\Algorithm.ts
FN:1,(anonymous_0)
FNF:1
FNH:1
FNDA:1,(anonymous_0)
DA:1,1
DA:2,1
DA:3,1
DA:4,1
LF:4
LH:4
BRDA:1,0,0,1
BRDA:1,0,1,1
BRF:2
BRH:2
end_of_record
TN:
SF:src\utils\emails.ts
FN:12,(anonymous_8)
FN:20,(anonymous_9)
FN:31,(anonymous_10)
FN:41,(anonymous_11)
FN:48,(anonymous_12)
FNF:5
FNH:0
FNDA:0,(anonymous_8)
FNDA:0,(anonymous_9)
FNDA:0,(anonymous_10)
FNDA:0,(anonymous_11)
FNDA:0,(anonymous_12)
DA:1,1
DA:4,1
DA:8,1
DA:12,1
DA:20,1
DA:31,1
DA:41,1
DA:48,0
DA:49,0
DA:50,0
DA:51,0
DA:58,0
DA:72,0
DA:75,0
DA:79,1
LF:15
LH:8
BRDA:8,0,0,0
BRDA:8,0,1,1
BRF:2
BRH:1
end_of_record
